[2026-04-01T06:21:04.243779] Continuous automation daemon started
[2026-04-01T06:21:04.244558] Starting automation cycle #1
[2026-04-01T06:21:04.683219] Automation cycle #1 completed successfully
[2026-04-01T06:21:58.901717] Continuous automation daemon started
[2026-04-01T06:21:58.902076] Starting automation cycle #1
[2026-04-01T06:21:59.309816] Automation cycle #1 completed successfully
[2026-04-01T06:22:04.684280] Starting automation cycle #2
[2026-04-01T06:22:05.076798] Automation cycle #2 completed successfully
[2026-04-01T06:22:28.931000] Continuous automation daemon started
[2026-04-01T06:22:28.935047] Starting automation cycle #1
[2026-04-01T06:22:29.427111] Automation cycle #1 completed with warnings
[2026-04-01T06:22:57.435757] Continuous automation daemon started
[2026-04-01T06:22:57.436664] Starting automation cycle #1
[2026-04-01T06:22:57.988425] Automation cycle #1 completed with warnings
[2026-04-01T06:22:59.310777] Starting automation cycle #2
[2026-04-01T06:22:59.760330] Automation cycle #2 completed with warnings
[2026-04-01T06:23:05.077772] Starting automation cycle #3
[2026-04-01T06:23:05.512879] Automation cycle #3 completed with warnings
[2026-04-01T06:23:59.761481] Starting automation cycle #3
[2026-04-01T06:24:00.206312] Automation cycle #3 completed with warnings
[2026-04-01T06:24:05.513498] Starting automation cycle #4
[2026-04-01T06:24:05.924011] Automation cycle #4 completed with warnings
[2026-04-01T06:25:00.207275] Starting automation cycle #4
[2026-04-01T06:25:00.781220] Automation cycle #4 completed with warnings
[2026-04-01T06:25:05.924928] Starting automation cycle #5
[2026-04-01T06:25:06.318320] Automation cycle #5 completed with warnings
[2026-04-01T06:25:30.381362] Continuous automation daemon started
[2026-04-01T06:25:30.382170] Starting automation cycle #1
[2026-04-01T06:25:30.862969] Automation cycle #1 completed with warnings
[2026-04-01T06:25:30.863334] Output: 
[1m[94m═══════════════════════════════════════════════════════════[0m
[1m[94mEnvironment Validation[0m
[1m[94m═══════════════════════════════════════════════════════════[0m
[92m[OK][0m Python version: 3.14.3
[92m[OK][0m Workspace found: C:\Users\Bryan\Aria
[92m[OK][0m Directory found: scripts/
[92m[OK][0m Directory found: apps/
[92m[OK][0m Directory found: tests/

[1m[94m═══════════════════════════════════════════════════════════[0m
[1m[94mRunning Environment Setup Check
[2026-04-01T06:26:00.782236] Starting automation cycle #5
[2026-04-01T06:26:01.184713] Automation cycle #5 completed with warnings
[2026-04-01T06:26:06.319424] Starting automation cycle #6
[2026-04-01T06:26:06.798227] Automation cycle #6 completed with warnings
[2026-04-01T06:26:30.864668] Starting automation cycle #2
[2026-04-01T06:26:31.324780] Automation cycle #2 completed with warnings
[2026-04-01T06:26:31.325177] Output: 
[1m[94m═══════════════════════════════════════════════════════════[0m
[1m[94mEnvironment Validation[0m
[1m[94m═══════════════════════════════════════════════════════════[0m
[92m[OK][0m Python version: 3.14.3
[92m[OK][0m Workspace found: C:\Users\Bryan\Aria
[92m[OK][0m Directory found: scripts/
[92m[OK][0m Directory found: apps/
[92m[OK][0m Directory found: tests/

[1m[94m═══════════════════════════════════════════════════════════[0m
[1m[94mRunning Environment Setup Check
[2026-04-01T06:27:01.185773] Starting automation cycle #6
[2026-04-01T06:27:02.091148] Automation cycle #6 completed successfully
[2026-04-01T06:27:06.798928] Starting automation cycle #7
[2026-04-01T06:27:07.718615] Automation cycle #7 completed successfully
[2026-04-01T06:27:31.326950] Starting automation cycle #3
[2026-04-01T06:27:32.280716] Automation cycle #3 completed successfully
[2026-04-01T06:28:02.092092] Starting automation cycle #7
[2026-04-01T06:28:03.038063] Automation cycle #7 completed successfully
[2026-04-01T06:28:07.719645] Starting automation cycle #8
[2026-04-01T06:28:08.634553] Automation cycle #8 completed successfully
[2026-04-01T06:29:03.039392] Starting automation cycle #8
[2026-04-01T06:29:04.081628] Automation cycle #8 completed successfully
[2026-04-01T06:29:08.635457] Starting automation cycle #9
[2026-04-01T06:29:09.533668] Automation cycle #9 completed successfully
[2026-04-01T06:30:04.082617] Starting automation cycle #9
[2026-04-01T06:30:05.031656] Automation cycle #9 completed successfully
[2026-04-01T06:30:09.534635] Starting automation cycle #10
[2026-04-01T06:30:10.492684] Automation cycle #10 completed successfully
[2026-04-01T06:31:05.032804] Starting automation cycle #10
[2026-04-01T06:31:05.916709] Automation cycle #10 completed successfully
[2026-04-01T06:31:10.493559] Starting automation cycle #11
[2026-04-01T06:31:11.460363] Automation cycle #11 completed successfully
[2026-04-01T06:32:05.917588] Starting automation cycle #11
[2026-04-01T06:32:06.912453] Automation cycle #11 completed successfully
[2026-04-01T06:32:11.461382] Starting automation cycle #12
[2026-04-01T06:32:12.373081] Automation cycle #12 completed successfully
[2026-04-01T06:33:12.373976] Starting automation cycle #13
[2026-04-01T06:33:13.361481] Automation cycle #13 completed successfully
[2026-04-01T06:34:13.362149] Starting automation cycle #14
[2026-04-01T06:34:14.340250] Automation cycle #14 completed successfully
[2026-04-01T06:35:14.340940] Starting automation cycle #15
[2026-04-01T06:35:15.304583] Automation cycle #15 completed successfully
[2026-04-01T06:36:15.305551] Starting automation cycle #16
[2026-04-01T06:36:16.445841] Automation cycle #16 completed successfully
[2026-04-01T06:37:16.446972] Starting automation cycle #17
[2026-04-01T06:37:17.357169] Automation cycle #17 completed successfully
[2026-04-01T06:38:17.358223] Starting automation cycle #18
[2026-04-01T06:38:18.550776] Automation cycle #18 completed successfully
[2026-04-01T06:39:18.551470] Starting automation cycle #19
[2026-04-01T06:39:19.460525] Automation cycle #19 completed successfully
[2026-04-01T06:40:19.461511] Starting automation cycle #20
[2026-04-01T06:40:20.432758] Automation cycle #20 completed successfully
[2026-04-01T06:41:20.433826] Starting automation cycle #21
[2026-04-01T06:41:21.342745] Automation cycle #21 completed successfully
[2026-04-01T06:42:21.343464] Starting automation cycle #22
[2026-04-01T06:42:22.307832] Automation cycle #22 completed successfully
[2026-04-01T06:43:22.308683] Starting automation cycle #23
[2026-04-01T06:43:23.220331] Automation cycle #23 completed successfully
[2026-04-01T06:44:23.221213] Starting automation cycle #24
[2026-04-01T06:44:24.144900] Automation cycle #24 completed successfully
[2026-04-01T06:45:24.146035] Starting automation cycle #25
[2026-04-01T06:45:25.068931] Automation cycle #25 completed successfully
[2026-04-01T06:46:25.069744] Starting automation cycle #26
[2026-04-01T06:46:25.938737] Automation cycle #26 completed successfully
[2026-04-01T06:47:25.940039] Starting automation cycle #27
[2026-04-01T06:47:26.768197] Automation cycle #27 completed successfully
[2026-04-01T06:48:26.769038] Starting automation cycle #28
[2026-04-01T06:48:27.675074] Automation cycle #28 completed successfully
[2026-04-01T06:49:27.676099] Starting automation cycle #29
[2026-04-01T06:49:28.583737] Automation cycle #29 completed successfully
[2026-04-01T06:50:28.584687] Starting automation cycle #30
[2026-04-01T06:50:29.560048] Automation cycle #30 completed successfully
[2026-04-01T06:51:29.560985] Starting automation cycle #31
[2026-04-01T06:51:30.384523] Automation cycle #31 completed successfully
[2026-04-01T06:52:30.385682] Starting automation cycle #32
[2026-04-01T06:52:31.151121] Automation cycle #32 completed successfully
[2026-04-01T06:53:31.152075] Starting automation cycle #33
[2026-04-01T06:53:31.937298] Automation cycle #33 completed successfully
[2026-04-01T06:54:31.938073] Starting automation cycle #34
[2026-04-01T06:54:32.720009] Automation cycle #34 completed successfully
[2026-04-01T06:55:32.720980] Starting automation cycle #35
[2026-04-01T06:55:33.487462] Automation cycle #35 completed successfully
[2026-04-01T06:56:33.488215] Starting automation cycle #36
[2026-04-01T06:56:34.274509] Automation cycle #36 completed successfully
[2026-04-01T06:57:34.275578] Starting automation cycle #37
[2026-04-01T06:57:35.236481] Automation cycle #37 completed successfully
[2026-04-01T06:58:35.237559] Starting automation cycle #38
[2026-04-01T06:58:36.074665] Automation cycle #38 completed successfully
[2026-04-01T06:59:36.075551] Starting automation cycle #39
[2026-04-01T06:59:36.964787] Automation cycle #39 completed successfully
[2026-04-01T07:00:36.965563] Starting automation cycle #40
[2026-04-01T07:00:38.089457] Automation cycle #40 completed successfully
[2026-04-01T07:01:38.090343] Starting automation cycle #41
[2026-04-01T07:01:38.989553] Automation cycle #41 completed successfully
[2026-04-01T07:02:38.990274] Starting automation cycle #42
[2026-04-01T07:02:39.851758] Automation cycle #42 completed successfully
[2026-04-01T07:03:39.852799] Starting automation cycle #43
[2026-04-01T07:03:41.282313] Automation cycle #43 completed successfully
[2026-04-01T07:04:41.283508] Starting automation cycle #44
[2026-04-01T07:04:42.868781] Automation cycle #44 completed successfully
[2026-04-01T07:05:42.869761] Starting automation cycle #45
[2026-04-01T07:05:45.355728] Automation cycle #45 completed successfully
[2026-04-01T07:06:45.356953] Starting automation cycle #46
[2026-04-01T07:06:46.513420] Automation cycle #46 completed successfully
[2026-04-01T07:07:46.514218] Starting automation cycle #47
[2026-04-01T07:07:47.515435] Automation cycle #47 completed successfully
[2026-04-01T07:08:47.516291] Starting automation cycle #48
[2026-04-01T07:08:48.480043] Automation cycle #48 completed successfully
[2026-04-01T07:09:48.480861] Starting automation cycle #49
[2026-04-01T07:09:49.649096] Automation cycle #49 completed successfully
[2026-04-01T07:10:49.650126] Starting automation cycle #50
[2026-04-01T07:10:50.635324] Automation cycle #50 completed successfully
[2026-04-01T07:11:50.636561] Starting automation cycle #51
[2026-04-01T07:11:51.647580] Automation cycle #51 completed successfully
[2026-04-01T07:12:51.649060] Starting automation cycle #52
[2026-04-01T07:12:52.962976] Automation cycle #52 completed successfully
[2026-04-01T07:13:52.964531] Starting automation cycle #53
[2026-04-01T07:13:54.782925] Automation cycle #53 completed successfully
[2026-04-01T07:14:54.784138] Starting automation cycle #54
[2026-04-01T07:14:57.584995] Automation cycle #54 completed successfully
[2026-04-01T07:15:57.585967] Starting automation cycle #55
[2026-04-01T07:16:01.882493] Automation cycle #55 completed successfully
[2026-04-01T07:17:01.883425] Starting automation cycle #56
[2026-04-01T07:17:03.412391] Automation cycle #56 completed successfully
[2026-04-01T07:18:03.413201] Starting automation cycle #57
[2026-04-01T07:18:05.125096] Automation cycle #57 completed successfully
[2026-04-01T07:19:05.125912] Starting automation cycle #58
[2026-04-01T07:19:06.755431] Automation cycle #58 completed successfully
[2026-04-01T07:20:06.756131] Starting automation cycle #59
[2026-04-01T07:20:07.907911] Automation cycle #59 completed successfully
[2026-04-01T07:21:07.911289] Starting automation cycle #60
[2026-04-01T07:21:09.211422] Automation cycle #60 completed successfully
[2026-04-01T07:22:09.212186] Starting automation cycle #61
[2026-04-01T07:22:10.371910] Automation cycle #61 completed successfully
[2026-04-01T07:23:10.372947] Starting automation cycle #62
[2026-04-01T07:23:11.620533] Automation cycle #62 completed successfully
[2026-04-01T07:24:11.622373] Starting automation cycle #63
[2026-04-01T07:24:14.871761] Automation cycle #63 completed successfully
[2026-04-01T07:25:14.872916] Starting automation cycle #64
[2026-04-01T07:25:19.829574] Automation cycle #64 completed successfully
[2026-04-01T07:26:19.830413] Starting automation cycle #65
[2026-04-01T07:26:22.555333] Automation cycle #65 completed successfully
[2026-04-01T07:27:22.556132] Starting automation cycle #66
[2026-04-01T07:27:25.742549] Automation cycle #66 completed successfully
[2026-04-01T07:28:25.743270] Starting automation cycle #67
[2026-04-01T07:28:29.221659] Automation cycle #67 completed successfully
[2026-04-01T07:29:29.222614] Starting automation cycle #68
[2026-04-01T07:29:34.531681] Automation cycle #68 completed successfully
[2026-04-01T07:30:34.532674] Starting automation cycle #69
[2026-04-01T07:30:40.086024] Automation cycle #69 completed successfully
[2026-04-01T07:31:40.086704] Starting automation cycle #70
[2026-04-01T07:31:45.087833] Automation cycle #70 completed successfully
[2026-04-01T07:32:45.088846] Starting automation cycle #71
[2026-04-01T07:32:50.584516] Automation cycle #71 completed successfully
[2026-04-01T07:33:50.585269] Starting automation cycle #72
[2026-04-01T07:33:55.807158] Automation cycle #72 completed successfully
[2026-04-01T07:34:55.808096] Starting automation cycle #73
[2026-04-01T07:35:03.358471] Automation cycle #73 completed successfully
[2026-04-01T07:36:03.359396] Starting automation cycle #74
[2026-04-01T07:36:11.721504] Automation cycle #74 completed successfully
[2026-04-01T07:37:11.726522] Starting automation cycle #75
[2026-04-01T07:37:18.645763] Automation cycle #75 completed successfully
[2026-04-01T07:38:18.658077] Starting automation cycle #76
[2026-04-01T07:38:28.736048] Automation cycle #76 completed successfully
[2026-04-01T07:39:28.740405] Starting automation cycle #77
[2026-04-01T07:39:34.596991] Automation cycle #77 completed successfully
[2026-04-01T07:40:34.600587] Starting automation cycle #78
[2026-04-01T07:40:41.743830] Automation cycle #78 completed successfully
[2026-04-01T07:41:41.744660] Starting automation cycle #79
[2026-04-01T07:41:49.211887] Automation cycle #79 completed successfully
[2026-04-01T07:42:49.212722] Starting automation cycle #80
[2026-04-01T07:42:57.468216] Automation cycle #80 completed successfully
[2026-04-01T07:43:57.468938] Starting automation cycle #81
[2026-04-01T07:44:09.026015] Automation cycle #81 completed successfully
[2026-04-01T07:45:09.026893] Starting automation cycle #82
[2026-04-01T07:45:11.461971] Automation cycle #82 completed successfully
[2026-04-01T07:46:11.462710] Starting automation cycle #83
[2026-04-01T07:46:13.850461] Automation cycle #83 completed successfully
[2026-04-01T07:47:13.851397] Starting automation cycle #84
[2026-04-01T07:47:55.900052] Automation cycle #84 completed successfully
[2026-04-01T07:48:55.900806] Starting automation cycle #85
[2026-04-01T07:51:18.423358] Automation cycle #85 completed successfully
[2026-04-01T07:52:18.426494] Starting automation cycle #86
[2026-04-01T07:53:28.046851] Automation cycle #86 completed successfully
[2026-04-01T07:54:28.047890] Starting automation cycle #87
[2026-04-01T07:56:40.982028] Automation cycle #87 completed successfully
[2026-04-01T07:57:40.984265] Starting automation cycle #88
[2026-04-01T07:57:42.931438] Automation cycle #88 completed successfully
[2026-04-01T07:58:42.932111] Starting automation cycle #89
[2026-04-01T07:58:44.610602] Automation cycle #89 completed successfully
[2026-04-01T07:59:44.611234] Starting automation cycle #90
[2026-04-01T07:59:46.296162] Automation cycle #90 completed successfully
[2026-04-01T08:00:46.297152] Starting automation cycle #91
[2026-04-01T08:00:48.099016] Automation cycle #91 completed successfully
[2026-04-01T08:01:48.099857] Starting automation cycle #92
[2026-04-01T08:01:49.895597] Automation cycle #92 completed successfully
[2026-04-01T08:02:49.896572] Starting automation cycle #93
[2026-04-01T08:02:51.954077] Automation cycle #93 completed successfully
[2026-04-01T08:03:51.954866] Starting automation cycle #94
[2026-04-01T08:03:53.667994] Automation cycle #94 completed successfully
[2026-04-01T08:04:53.669023] Starting automation cycle #95
[2026-04-01T08:04:55.738343] Automation cycle #95 completed successfully
[2026-04-01T08:05:55.739148] Starting automation cycle #96
[2026-04-01T08:05:57.502438] Automation cycle #96 completed successfully
[2026-04-01T08:06:57.503640] Starting automation cycle #97
[2026-04-01T08:06:59.530966] Automation cycle #97 completed successfully
[2026-04-01T08:07:59.532373] Starting automation cycle #98
[2026-04-01T08:08:01.311737] Automation cycle #98 completed successfully
[2026-04-01T08:09:01.312967] Starting automation cycle #99
[2026-04-01T08:09:03.106633] Automation cycle #99 completed successfully
[2026-04-01T08:10:03.107585] Starting automation cycle #100
[2026-04-01T08:10:04.959249] Automation cycle #100 completed successfully
[2026-04-01T08:11:04.961063] Starting automation cycle #101
[2026-04-01T08:11:07.250160] Automation cycle #101 completed successfully
[2026-04-01T08:12:07.251376] Starting automation cycle #102
[2026-04-01T08:12:08.960979] Automation cycle #102 completed successfully
[2026-04-01T08:13:08.961812] Starting automation cycle #103
[2026-04-01T08:13:10.985658] Automation cycle #103 completed successfully
[2026-04-01T08:14:10.986285] Starting automation cycle #104
[2026-04-01T08:14:13.129206] Automation cycle #104 completed successfully
[2026-04-01T08:15:13.130227] Starting automation cycle #105
[2026-04-01T08:15:14.979770] Automation cycle #105 completed successfully
[2026-04-01T08:16:14.980900] Starting automation cycle #106
[2026-04-01T08:16:16.801387] Automation cycle #106 completed successfully
[2026-04-01T08:17:16.802474] Starting automation cycle #107
[2026-04-01T08:17:18.597913] Automation cycle #107 completed successfully
[2026-04-01T08:18:18.599175] Starting automation cycle #108
[2026-04-01T08:18:20.566953] Automation cycle #108 completed successfully
[2026-04-01T08:19:20.568047] Starting automation cycle #109
[2026-04-01T08:19:22.806843] Automation cycle #109 completed successfully
[2026-04-01T08:20:22.809822] Starting automation cycle #110
[2026-04-01T08:20:24.596918] Automation cycle #110 completed successfully
[2026-04-01T08:21:24.598044] Starting automation cycle #111
[2026-04-01T08:21:26.404068] Automation cycle #111 completed successfully
[2026-04-01T08:22:26.405631] Starting automation cycle #112
[2026-04-01T08:22:28.219071] Automation cycle #112 completed successfully
[2026-04-01T08:23:28.219908] Starting automation cycle #113
[2026-04-01T08:23:30.030714] Automation cycle #113 completed successfully
[2026-04-01T08:24:30.031965] Starting automation cycle #114
[2026-04-01T08:24:31.712048] Automation cycle #114 completed successfully
[2026-04-01T08:25:31.712899] Starting automation cycle #115
[2026-04-01T08:25:35.356901] Automation cycle #115 completed successfully
[2026-04-01T08:26:35.358159] Starting automation cycle #116
[2026-04-01T08:26:37.504597] Automation cycle #116 completed successfully
[2026-04-01T08:27:37.505491] Starting automation cycle #117
[2026-04-01T08:27:39.744341] Automation cycle #117 completed successfully
[2026-04-01T08:28:39.745313] Starting automation cycle #118
[2026-04-01T08:28:41.551421] Automation cycle #118 completed successfully
[2026-04-01T08:29:41.552288] Starting automation cycle #119
[2026-04-01T08:29:43.344188] Automation cycle #119 completed successfully
[2026-04-01T08:30:43.345280] Starting automation cycle #120
[2026-04-01T08:30:45.085841] Automation cycle #120 completed successfully
[2026-04-01T08:31:45.086836] Starting automation cycle #121
[2026-04-01T08:31:46.753916] Automation cycle #121 completed successfully
[2026-04-01T08:32:46.754705] Starting automation cycle #122
[2026-04-01T08:32:48.566133] Automation cycle #122 completed successfully
[2026-04-01T08:33:48.566836] Starting automation cycle #123
[2026-04-01T08:33:50.322610] Automation cycle #123 completed successfully
[2026-04-01T08:34:50.323418] Starting automation cycle #124
[2026-04-01T08:34:52.206550] Automation cycle #124 completed successfully
[2026-04-01T08:35:52.207135] Starting automation cycle #125
[2026-04-01T08:35:54.272741] Automation cycle #125 completed successfully
[2026-04-01T08:36:54.273238] Starting automation cycle #126
[2026-04-01T08:36:55.980174] Automation cycle #126 completed successfully
[2026-04-01T08:37:55.981131] Starting automation cycle #127
[2026-04-01T08:37:57.947984] Automation cycle #127 completed successfully
[2026-04-01T08:38:57.948662] Starting automation cycle #128
[2026-04-01T08:39:00.085873] Automation cycle #128 completed successfully
[2026-04-01T08:40:00.088878] Starting automation cycle #129
[2026-04-01T08:40:01.940466] Automation cycle #129 completed successfully
[2026-04-01T08:41:01.941364] Starting automation cycle #130
[2026-04-01T08:41:03.780860] Automation cycle #130 completed successfully
[2026-04-01T08:42:03.781885] Starting automation cycle #131
[2026-04-01T08:42:05.552385] Automation cycle #131 completed successfully
[2026-04-01T08:43:05.555428] Starting automation cycle #132
[2026-04-01T08:43:07.251095] Automation cycle #132 completed successfully
[2026-04-01T08:44:07.255013] Starting automation cycle #133
[2026-04-01T08:44:09.531162] Automation cycle #133 completed successfully
[2026-04-01T08:45:09.532257] Starting automation cycle #134
[2026-04-01T08:45:11.260287] Automation cycle #134 completed successfully
[2026-04-01T08:46:11.260844] Starting automation cycle #135
[2026-04-01T08:46:13.088002] Automation cycle #135 completed successfully
[2026-04-01T08:47:13.089177] Starting automation cycle #136
[2026-04-01T08:47:14.889221] Automation cycle #136 completed successfully
[2026-04-01T08:48:14.912893] Starting automation cycle #137
[2026-04-01T08:48:17.032383] Automation cycle #137 completed successfully
[2026-04-01T08:49:17.033368] Starting automation cycle #138
[2026-04-01T08:49:18.732923] Automation cycle #138 completed successfully
[2026-04-01T08:50:18.734123] Starting automation cycle #139
[2026-04-01T08:50:20.486547] Automation cycle #139 completed successfully
[2026-04-01T08:51:20.487502] Starting automation cycle #140
[2026-04-01T08:51:22.219785] Automation cycle #140 completed successfully
[2026-04-01T08:52:22.220619] Starting automation cycle #141
[2026-04-01T08:52:24.202967] Automation cycle #141 completed successfully
[2026-04-01T08:53:24.203857] Starting automation cycle #142
[2026-04-01T08:53:25.912567] Automation cycle #142 completed successfully
[2026-04-01T08:54:25.913800] Starting automation cycle #143
[2026-04-01T08:54:27.702116] Automation cycle #143 completed successfully
[2026-04-01T08:55:27.702854] Starting automation cycle #144
[2026-04-01T08:55:29.427772] Automation cycle #144 completed successfully
[2026-04-01T08:56:29.428965] Starting automation cycle #145
[2026-04-01T08:56:31.201062] Automation cycle #145 completed successfully
[2026-04-01T08:57:31.202260] Starting automation cycle #146
[2026-04-01T08:57:33.075956] Automation cycle #146 completed successfully
[2026-04-01T08:58:33.076968] Starting automation cycle #147
[2026-04-01T08:58:34.702655] Automation cycle #147 completed successfully
[2026-04-01T08:59:34.705402] Starting automation cycle #148
[2026-04-01T08:59:36.617045] Automation cycle #148 completed successfully
[2026-04-01T09:00:36.618192] Starting automation cycle #149
[2026-04-01T09:00:38.273893] Automation cycle #149 completed successfully
[2026-04-01T09:01:38.274734] Starting automation cycle #150
[2026-04-01T09:01:40.362978] Automation cycle #150 completed successfully
[2026-04-01T09:02:40.364243] Starting automation cycle #151
[2026-04-01T09:02:42.062347] Automation cycle #151 completed successfully
[2026-04-01T09:03:42.063389] Starting automation cycle #152
[2026-04-01T09:03:43.777230] Automation cycle #152 completed successfully
[2026-04-01T09:04:43.779960] Starting automation cycle #153
[2026-04-01T09:04:45.508042] Automation cycle #153 completed successfully
[2026-04-01T09:05:45.508899] Starting automation cycle #154
[2026-04-01T09:05:47.264343] Automation cycle #154 completed successfully
[2026-04-01T09:06:47.265611] Starting automation cycle #155
[2026-04-01T09:06:49.007636] Automation cycle #155 completed successfully
[2026-04-01T09:07:49.008933] Starting automation cycle #156
[2026-04-01T09:07:50.748533] Automation cycle #156 completed successfully
[2026-04-01T09:08:50.749446] Starting automation cycle #157
[2026-04-01T09:08:52.945028] Automation cycle #157 completed successfully
[2026-04-01T09:09:52.946083] Starting automation cycle #158
[2026-04-01T09:09:54.691883] Automation cycle #158 completed successfully
[2026-04-01T09:10:54.692842] Starting automation cycle #159
[2026-04-01T09:10:56.420747] Automation cycle #159 completed successfully
[2026-04-01T09:11:56.422006] Starting automation cycle #160
[2026-04-01T09:11:58.135106] Automation cycle #160 completed successfully
[2026-04-01T09:12:58.136428] Starting automation cycle #161
[2026-04-01T09:12:59.865490] Automation cycle #161 completed successfully
[2026-04-01T09:13:59.866390] Starting automation cycle #162
[2026-04-01T09:14:01.749405] Automation cycle #162 completed successfully
[2026-04-01T09:15:01.750920] Starting automation cycle #163
[2026-04-01T09:15:03.414120] Automation cycle #163 completed successfully
[2026-04-01T09:16:03.416927] Starting automation cycle #164
[2026-04-01T09:16:05.296917] Automation cycle #164 completed successfully
[2026-04-01T09:17:05.297933] Starting automation cycle #165
[2026-04-01T09:17:06.968027] Automation cycle #165 completed successfully
[2026-04-01T09:18:06.968943] Starting automation cycle #166
[2026-04-01T09:18:08.691428] Automation cycle #166 completed successfully
[2026-04-01T09:19:08.692440] Starting automation cycle #167
[2026-04-01T09:19:10.693449] Automation cycle #167 completed successfully
[2026-04-01T09:20:10.838349] Starting automation cycle #168
[2026-04-01T09:20:12.904381] Automation cycle #168 completed successfully
[2026-04-01T09:21:12.905326] Starting automation cycle #169
[2026-04-01T09:21:14.736452] Automation cycle #169 completed successfully
[2026-04-01T09:22:14.738891] Starting automation cycle #170
[2026-04-01T09:22:16.684405] Automation cycle #170 completed successfully
[2026-04-01T09:23:16.685625] Starting automation cycle #171
[2026-04-01T09:23:18.746407] Automation cycle #171 completed successfully
[2026-04-01T09:24:18.747361] Starting automation cycle #172
[2026-04-01T09:24:20.608447] Automation cycle #172 completed successfully
[2026-04-01T09:25:20.608981] Starting automation cycle #173
[2026-04-01T09:25:22.459083] Automation cycle #173 completed successfully
[2026-04-01T09:26:22.459742] Starting automation cycle #174
[2026-04-01T09:26:24.588359] Automation cycle #174 completed successfully
[2026-04-01T09:27:24.589068] Starting automation cycle #175
[2026-04-01T09:27:26.273841] Automation cycle #175 completed successfully
[2026-04-01T09:28:26.275339] Starting automation cycle #176
[2026-04-01T09:28:27.962986] Automation cycle #176 completed successfully
[2026-04-01T09:29:27.964379] Starting automation cycle #177
[2026-04-01T09:29:29.824548] Automation cycle #177 completed successfully
[2026-04-01T09:30:29.825343] Starting automation cycle #178
[2026-04-01T09:30:31.617674] Automation cycle #178 completed successfully
[2026-04-01T09:31:31.618745] Starting automation cycle #179
[2026-04-01T09:31:33.573891] Automation cycle #179 completed successfully
[2026-04-01T09:32:33.575054] Starting automation cycle #180
[2026-04-01T09:32:35.554941] Automation cycle #180 completed successfully
[2026-04-01T09:33:35.557738] Starting automation cycle #181
[2026-04-01T09:33:37.266617] Automation cycle #181 completed successfully
[2026-04-01T09:34:37.267363] Starting automation cycle #182
[2026-04-01T09:34:39.004300] Automation cycle #182 completed successfully
[2026-04-01T09:35:39.005547] Starting automation cycle #183
[2026-04-01T09:35:40.781354] Automation cycle #183 completed successfully
[2026-04-01T09:36:40.782244] Starting automation cycle #184
[2026-04-01T09:36:42.528809] Automation cycle #184 completed successfully
[2026-04-01T09:37:42.529845] Starting automation cycle #185
[2026-04-01T09:37:44.282147] Automation cycle #185 completed successfully
[2026-04-01T09:38:44.282916] Starting automation cycle #186
[2026-04-01T09:38:45.982805] Automation cycle #186 completed successfully
[2026-04-01T09:39:45.983908] Starting automation cycle #187
[2026-04-01T09:39:47.658996] Automation cycle #187 completed successfully
[2026-04-01T09:40:47.660184] Starting automation cycle #188
[2026-04-01T09:40:49.408726] Automation cycle #188 completed successfully
[2026-04-01T09:41:49.409611] Starting automation cycle #189
[2026-04-01T09:41:51.295565] Automation cycle #189 completed successfully
[2026-04-01T09:42:51.297320] Starting automation cycle #190
[2026-04-01T09:42:53.329731] Automation cycle #190 completed successfully
[2026-04-01T09:43:53.330841] Starting automation cycle #191
[2026-04-01T09:43:55.392698] Automation cycle #191 completed successfully
[2026-04-01T09:44:55.393984] Starting automation cycle #192
[2026-04-01T09:44:57.358432] Automation cycle #192 completed successfully
[2026-04-01T09:45:57.359456] Starting automation cycle #193
[2026-04-01T09:45:59.020141] Automation cycle #193 completed successfully
[2026-04-01T09:46:59.023316] Starting automation cycle #194
[2026-04-01T09:47:00.913837] Automation cycle #194 completed successfully
[2026-04-01T09:48:00.916445] Starting automation cycle #195
[2026-04-01T09:48:02.676439] Automation cycle #195 completed successfully
[2026-04-01T09:49:02.679693] Starting automation cycle #196
[2026-04-01T09:49:04.896109] Automation cycle #196 completed successfully
[2026-04-01T09:50:04.897672] Starting automation cycle #197
[2026-04-01T09:50:06.773265] Automation cycle #197 completed successfully
[2026-04-01T09:51:06.774348] Starting automation cycle #198
[2026-04-01T09:51:09.100331] Automation cycle #198 completed successfully
[2026-04-01T09:52:09.101399] Starting automation cycle #199
[2026-04-01T09:52:10.952248] Automation cycle #199 completed successfully
[2026-04-01T09:53:10.953824] Starting automation cycle #200
[2026-04-01T09:53:13.187825] Automation cycle #200 completed successfully
[2026-04-01T09:54:13.188814] Starting automation cycle #201
[2026-04-01T09:54:15.216391] Automation cycle #201 completed successfully
[2026-04-01T09:55:15.218421] Starting automation cycle #202
[2026-04-01T09:55:16.970615] Automation cycle #202 completed successfully
[2026-04-01T09:56:16.972487] Starting automation cycle #203
[2026-04-01T09:56:19.462881] Automation cycle #203 completed successfully
[2026-04-01T09:57:19.463860] Starting automation cycle #204
[2026-04-01T09:57:21.415851] Automation cycle #204 completed successfully
[2026-04-01T09:58:21.416784] Starting automation cycle #205
[2026-04-01T09:58:23.615126] Automation cycle #205 completed successfully
[2026-04-01T09:59:23.616016] Starting automation cycle #206
[2026-04-01T09:59:26.157855] Automation cycle #206 completed successfully
[2026-04-01T10:00:26.161394] Daemon error: [Errno 22] Invalid argument
[2026-04-01T10:00:26.161887] Continuous automation daemon stopped
