nohup: ignoring input
GB
  /etc/resolv.conf ✅  [░░░░░░░░░░░░░░░░░░░░]   3.2%   33/1081 GB
  /etc/hostname    ✅  [░░░░░░░░░░░░░░░░░░░░]   3.2%   33/1081 GB
  /etc/hosts       ✅  [░░░░░░░░░░░░░░░░░░░░]   3.2%   33/1081 GB

  GPU: none detected

  ────────────────────────────────────────────────────────
  🚨 ALERTS (1):
     • CPU WARN: 75.8% (threshold: 75.0%)
────────────────────────────────────────────────────────────


ed

  DISK:
  /vscode          ✅  [░░░░░░░░░░░░░░░░░░░░]   3.2%   33/1081 GB
  /etc/resolv.conf ✅  [░░░░░░░░░░░░░░░░░░░░]   3.2%   33/1081 GB
  /etc/hostname    ✅  [░░░░░░░░░░░░░░░░░░░░]   3.2%   33/1081 GB
  /etc/hosts       ✅  [░░░░░░░░░░░░░░░░░░░░]   3.2%   33/1081 GB

  GPU: none detected

  ✅ All resources within normal thresholds
────────────────────────────────────────────────────────────


GB
  /etc/resolv.conf ✅  [░░░░░░░░░░░░░░░░░░░░]   3.2%   33/1081 GB
  /etc/hostname    ✅  [░░░░░░░░░░░░░░░░░░░░]   3.2%   33/1081 GB
  /etc/hosts       ✅  [░░░░░░░░░░░░░░░░░░░░]   3.2%   33/1081 GB

  GPU: none detected

  ────────────────────────────────────────────────────────
  🚨 ALERTS (1):
     • CPU CRIT: 92.4% (threshold: 90.0%)
────────────────────────────────────────────────────────────


GB
  /etc/resolv.conf ✅  [░░░░░░░░░░░░░░░░░░░░]   3.2%   33/1081 GB
  /etc/hostname    ✅  [░░░░░░░░░░░░░░░░░░░░]   3.2%   33/1081 GB
  /etc/hosts       ✅  [░░░░░░░░░░░░░░░░░░░░]   3.2%   33/1081 GB

  GPU: none detected

  ────────────────────────────────────────────────────────
  🚨 ALERTS (1):
     • CPU CRIT: 97.2% (threshold: 90.0%)
────────────────────────────────────────────────────────────


GB
  /etc/resolv.conf ✅  [░░░░░░░░░░░░░░░░░░░░]   3.2%   33/1081 GB
  /etc/hostname    ✅  [░░░░░░░░░░░░░░░░░░░░]   3.2%   33/1081 GB
  /etc/hosts       ✅  [░░░░░░░░░░░░░░░░░░░░]   3.2%   33/1081 GB

  GPU: none detected

  ────────────────────────────────────────────────────────
  🚨 ALERTS (1):
     • CPU CRIT: 99.0% (threshold: 90.0%)
────────────────────────────────────────────────────────────


GB
  /etc/resolv.conf ✅  [░░░░░░░░░░░░░░░░░░░░]   3.2%   33/1081 GB
  /etc/hostname    ✅  [░░░░░░░░░░░░░░░░░░░░]   3.2%   33/1081 GB
  /etc/hosts       ✅  [░░░░░░░░░░░░░░░░░░░░]   3.2%   33/1081 GB

  GPU: none detected

  ────────────────────────────────────────────────────────
  🚨 ALERTS (1):
     • CPU CRIT: 99.9% (threshold: 90.0%)
────────────────────────────────────────────────────────────


GB
  /etc/resolv.conf ✅  [░░░░░░░░░░░░░░░░░░░░]   3.2%   33/1081 GB
  /etc/hostname    ✅  [░░░░░░░░░░░░░░░░░░░░]   3.2%   33/1081 GB
  /etc/hosts       ✅  [░░░░░░░░░░░░░░░░░░░░]   3.2%   33/1081 GB

  GPU: none detected

  ────────────────────────────────────────────────────────
  🚨 ALERTS (1):
     • CPU CRIT: 99.5% (threshold: 90.0%)
────────────────────────────────────────────────────────────


GB
  /etc/resolv.conf ✅  [░░░░░░░░░░░░░░░░░░░░]   3.2%   33/1081 GB
  /etc/hostname    ✅  [░░░░░░░░░░░░░░░░░░░░]   3.2%   33/1081 GB
  /etc/hosts       ✅  [░░░░░░░░░░░░░░░░░░░░]   3.2%   33/1081 GB

  GPU: none detected

  ────────────────────────────────────────────────────────
  🚨 ALERTS (1):
     • CPU CRIT: 98.6% (threshold: 90.0%)
────────────────────────────────────────────────────────────


GB
  /etc/resolv.conf ✅  [░░░░░░░░░░░░░░░░░░░░]   3.2%   33/1081 GB
  /etc/hostname    ✅  [░░░░░░░░░░░░░░░░░░░░]   3.2%   33/1081 GB
  /etc/hosts       ✅  [░░░░░░░░░░░░░░░░░░░░]   3.2%   33/1081 GB

  GPU: none detected

  ────────────────────────────────────────────────────────
  🚨 ALERTS (1):
     • CPU CRIT: 98.4% (threshold: 90.0%)
────────────────────────────────────────────────────────────


GB
  /etc/resolv.conf ✅  [░░░░░░░░░░░░░░░░░░░░]   3.2%   33/1081 GB
  /etc/hostname    ✅  [░░░░░░░░░░░░░░░░░░░░]   3.2%   33/1081 GB
  /etc/hosts       ✅  [░░░░░░░░░░░░░░░░░░░░]   3.2%   33/1081 GB

  GPU: none detected

  ────────────────────────────────────────────────────────
  🚨 ALERTS (1):
     • CPU CRIT: 98.3% (threshold: 90.0%)
────────────────────────────────────────────────────────────


GB
  /etc/resolv.conf ✅  [░░░░░░░░░░░░░░░░░░░░]   3.3%   33/1081 GB
  /etc/hostname    ✅  [░░░░░░░░░░░░░░░░░░░░]   3.3%   33/1081 GB
  /etc/hosts       ✅  [░░░░░░░░░░░░░░░░░░░░]   3.3%   33/1081 GB

  GPU: none detected

  ────────────────────────────────────────────────────────
  🚨 ALERTS (1):
     • CPU CRIT: 99.2% (threshold: 90.0%)
────────────────────────────────────────────────────────────


GB
  /etc/resolv.conf ✅  [░░░░░░░░░░░░░░░░░░░░]   3.3%   33/1081 GB
  /etc/hostname    ✅  [░░░░░░░░░░░░░░░░░░░░]   3.3%   33/1081 GB
  /etc/hosts       ✅  [░░░░░░░░░░░░░░░░░░░░]   3.3%   33/1081 GB

  GPU: none detected

  ────────────────────────────────────────────────────────
  🚨 ALERTS (1):
     • CPU CRIT: 99.4% (threshold: 90.0%)
────────────────────────────────────────────────────────────


GB
  /etc/resolv.conf ✅  [░░░░░░░░░░░░░░░░░░░░]   3.3%   33/1081 GB
  /etc/hostname    ✅  [░░░░░░░░░░░░░░░░░░░░]   3.3%   33/1081 GB
  /etc/hosts       ✅  [░░░░░░░░░░░░░░░░░░░░]   3.3%   33/1081 GB

  GPU: none detected

  ────────────────────────────────────────────────────────
  🚨 ALERTS (1):
     • CPU CRIT: 98.9% (threshold: 90.0%)
────────────────────────────────────────────────────────────


GB
  /etc/resolv.conf ✅  [░░░░░░░░░░░░░░░░░░░░]   3.3%   33/1081 GB
  /etc/hostname    ✅  [░░░░░░░░░░░░░░░░░░░░]   3.3%   33/1081 GB
  /etc/hosts       ✅  [░░░░░░░░░░░░░░░░░░░░]   3.3%   33/1081 GB

  GPU: none detected

  ────────────────────────────────────────────────────────
  🚨 ALERTS (1):
     • CPU CRIT: 97.3% (threshold: 90.0%)
────────────────────────────────────────────────────────────


GB
  /etc/resolv.conf ✅  [░░░░░░░░░░░░░░░░░░░░]   3.3%   33/1081 GB
  /etc/hostname    ✅  [░░░░░░░░░░░░░░░░░░░░]   3.3%   33/1081 GB
  /etc/hosts       ✅  [░░░░░░░░░░░░░░░░░░░░]   3.3%   33/1081 GB

  GPU: none detected

  ────────────────────────────────────────────────────────
  🚨 ALERTS (1):
     • CPU CRIT: 98.4% (threshold: 90.0%)
────────────────────────────────────────────────────────────


GB
  /etc/resolv.conf ✅  [░░░░░░░░░░░░░░░░░░░░]   3.3%   33/1081 GB
  /etc/hostname    ✅  [░░░░░░░░░░░░░░░░░░░░]   3.3%   33/1081 GB
  /etc/hosts       ✅  [░░░░░░░░░░░░░░░░░░░░]   3.3%   33/1081 GB

  GPU: none detected

  ────────────────────────────────────────────────────────
  🚨 ALERTS (1):
     • CPU CRIT: 99.6% (threshold: 90.0%)
────────────────────────────────────────────────────────────


GB
  /etc/resolv.conf ✅  [░░░░░░░░░░░░░░░░░░░░]   3.3%   33/1081 GB
  /etc/hostname    ✅  [░░░░░░░░░░░░░░░░░░░░]   3.3%   33/1081 GB
  /etc/hosts       ✅  [░░░░░░░░░░░░░░░░░░░░]   3.3%   33/1081 GB

  GPU: none detected

  ────────────────────────────────────────────────────────
  🚨 ALERTS (1):
     • CPU CRIT: 98.5% (threshold: 90.0%)
────────────────────────────────────────────────────────────


GB
  /etc/resolv.conf ✅  [░░░░░░░░░░░░░░░░░░░░]   3.3%   33/1081 GB
  /etc/hostname    ✅  [░░░░░░░░░░░░░░░░░░░░]   3.3%   33/1081 GB
  /etc/hosts       ✅  [░░░░░░░░░░░░░░░░░░░░]   3.3%   33/1081 GB

  GPU: none detected

  ────────────────────────────────────────────────────────
  🚨 ALERTS (1):
     • CPU CRIT: 96.9% (threshold: 90.0%)
────────────────────────────────────────────────────────────


GB
  /etc/resolv.conf ✅  [░░░░░░░░░░░░░░░░░░░░]   3.3%   33/1081 GB
  /etc/hostname    ✅  [░░░░░░░░░░░░░░░░░░░░]   3.3%   33/1081 GB
  /etc/hosts       ✅  [░░░░░░░░░░░░░░░░░░░░]   3.3%   33/1081 GB

  GPU: none detected

  ────────────────────────────────────────────────────────
  🚨 ALERTS (1):
     • CPU CRIT: 99.9% (threshold: 90.0%)
────────────────────────────────────────────────────────────


GB
  /etc/resolv.conf ✅  [░░░░░░░░░░░░░░░░░░░░]   3.3%   33/1081 GB
  /etc/hostname    ✅  [░░░░░░░░░░░░░░░░░░░░]   3.3%   33/1081 GB
  /etc/hosts       ✅  [░░░░░░░░░░░░░░░░░░░░]   3.3%   33/1081 GB

  GPU: none detected

  ────────────────────────────────────────────────────────
  🚨 ALERTS (1):
     • CPU CRIT: 96.3% (threshold: 90.0%)
────────────────────────────────────────────────────────────


GB
  /etc/resolv.conf ✅  [░░░░░░░░░░░░░░░░░░░░]   3.3%   33/1081 GB
  /etc/hostname    ✅  [░░░░░░░░░░░░░░░░░░░░]   3.3%   33/1081 GB
  /etc/hosts       ✅  [░░░░░░░░░░░░░░░░░░░░]   3.3%   33/1081 GB

  GPU: none detected

  ────────────────────────────────────────────────────────
  🚨 ALERTS (1):
     • CPU CRIT: 99.4% (threshold: 90.0%)
────────────────────────────────────────────────────────────


GB
  /etc/resolv.conf ✅  [░░░░░░░░░░░░░░░░░░░░]   3.3%   33/1081 GB
  /etc/hostname    ✅  [░░░░░░░░░░░░░░░░░░░░]   3.3%   33/1081 GB
  /etc/hosts       ✅  [░░░░░░░░░░░░░░░░░░░░]   3.3%   33/1081 GB

  GPU: none detected

  ────────────────────────────────────────────────────────
  🚨 ALERTS (1):
     • CPU CRIT: 99.9% (threshold: 90.0%)
────────────────────────────────────────────────────────────


GB
  /etc/resolv.conf ✅  [░░░░░░░░░░░░░░░░░░░░]   3.3%   33/1081 GB
  /etc/hostname    ✅  [░░░░░░░░░░░░░░░░░░░░]   3.3%   33/1081 GB
  /etc/hosts       ✅  [░░░░░░░░░░░░░░░░░░░░]   3.3%   33/1081 GB

  GPU: none detected

  ────────────────────────────────────────────────────────
  🚨 ALERTS (1):
     • CPU CRIT: 98.7% (threshold: 90.0%)
────────────────────────────────────────────────────────────


GB
  /etc/resolv.conf ✅  [░░░░░░░░░░░░░░░░░░░░]   3.3%   33/1081 GB
  /etc/hostname    ✅  [░░░░░░░░░░░░░░░░░░░░]   3.3%   33/1081 GB
  /etc/hosts       ✅  [░░░░░░░░░░░░░░░░░░░░]   3.3%   33/1081 GB

  GPU: none detected

  ────────────────────────────────────────────────────────
  🚨 ALERTS (1):
     • CPU CRIT: 99.9% (threshold: 90.0%)
────────────────────────────────────────────────────────────


B
  /etc/resolv.conf ✅  [░░░░░░░░░░░░░░░░░░░░]   3.3%   33/1081 GB
  /etc/hostname    ✅  [░░░░░░░░░░░░░░░░░░░░]   3.3%   33/1081 GB
  /etc/hosts       ✅  [░░░░░░░░░░░░░░░░░░░░]   3.3%   33/1081 GB

  GPU: none detected

  ────────────────────────────────────────────────────────
  🚨 ALERTS (1):
     • CPU CRIT: 100.0% (threshold: 90.0%)
────────────────────────────────────────────────────────────


GB
  /etc/resolv.conf ✅  [░░░░░░░░░░░░░░░░░░░░]   3.3%   34/1081 GB
  /etc/hostname    ✅  [░░░░░░░░░░░░░░░░░░░░]   3.3%   34/1081 GB
  /etc/hosts       ✅  [░░░░░░░░░░░░░░░░░░░░]   3.3%   34/1081 GB

  GPU: none detected

  ────────────────────────────────────────────────────────
  🚨 ALERTS (1):
     • CPU CRIT: 99.9% (threshold: 90.0%)
────────────────────────────────────────────────────────────


GB
  /etc/resolv.conf ✅  [░░░░░░░░░░░░░░░░░░░░]   3.3%   34/1081 GB
  /etc/hostname    ✅  [░░░░░░░░░░░░░░░░░░░░]   3.3%   34/1081 GB
  /etc/hosts       ✅  [░░░░░░░░░░░░░░░░░░░░]   3.3%   34/1081 GB

  GPU: none detected

  ────────────────────────────────────────────────────────
  🚨 ALERTS (1):
     • CPU CRIT: 99.7% (threshold: 90.0%)
────────────────────────────────────────────────────────────


GB
  /etc/resolv.conf ✅  [░░░░░░░░░░░░░░░░░░░░]   3.3%   34/1081 GB
  /etc/hostname    ✅  [░░░░░░░░░░░░░░░░░░░░]   3.3%   34/1081 GB
  /etc/hosts       ✅  [░░░░░░░░░░░░░░░░░░░░]   3.3%   34/1081 GB

  GPU: none detected

  ────────────────────────────────────────────────────────
  🚨 ALERTS (1):
     • CPU CRIT: 99.9% (threshold: 90.0%)
────────────────────────────────────────────────────────────


GB
  /etc/resolv.conf ✅  [░░░░░░░░░░░░░░░░░░░░]   3.3%   34/1081 GB
  /etc/hostname    ✅  [░░░░░░░░░░░░░░░░░░░░]   3.3%   34/1081 GB
  /etc/hosts       ✅  [░░░░░░░░░░░░░░░░░░░░]   3.3%   34/1081 GB

  GPU: none detected

  ────────────────────────────────────────────────────────
  🚨 ALERTS (1):
     • CPU CRIT: 99.9% (threshold: 90.0%)
────────────────────────────────────────────────────────────


B
  /etc/resolv.conf ✅  [░░░░░░░░░░░░░░░░░░░░]   3.3%   34/1081 GB
  /etc/hostname    ✅  [░░░░░░░░░░░░░░░░░░░░]   3.3%   34/1081 GB
  /etc/hosts       ✅  [░░░░░░░░░░░░░░░░░░░░]   3.3%   34/1081 GB

  GPU: none detected

  ────────────────────────────────────────────────────────
  🚨 ALERTS (1):
     • CPU CRIT: 100.0% (threshold: 90.0%)
────────────────────────────────────────────────────────────


B
  /etc/resolv.conf ✅  [░░░░░░░░░░░░░░░░░░░░]   3.3%   34/1081 GB
  /etc/hostname    ✅  [░░░░░░░░░░░░░░░░░░░░]   3.3%   34/1081 GB
  /etc/hosts       ✅  [░░░░░░░░░░░░░░░░░░░░]   3.3%   34/1081 GB

  GPU: none detected

  ────────────────────────────────────────────────────────
  🚨 ALERTS (1):
     • CPU CRIT: 100.0% (threshold: 90.0%)
────────────────────────────────────────────────────────────


GB
  /etc/resolv.conf ✅  [░░░░░░░░░░░░░░░░░░░░]   3.3%   34/1081 GB
  /etc/hostname    ✅  [░░░░░░░░░░░░░░░░░░░░]   3.3%   34/1081 GB
  /etc/hosts       ✅  [░░░░░░░░░░░░░░░░░░░░]   3.3%   34/1081 GB

  GPU: none detected

  ────────────────────────────────────────────────────────
  🚨 ALERTS (1):
     • CPU CRIT: 99.9% (threshold: 90.0%)
────────────────────────────────────────────────────────────


GB
  /etc/resolv.conf ✅  [░░░░░░░░░░░░░░░░░░░░]   3.3%   34/1081 GB
  /etc/hostname    ✅  [░░░░░░░░░░░░░░░░░░░░]   3.3%   34/1081 GB
  /etc/hosts       ✅  [░░░░░░░░░░░░░░░░░░░░]   3.3%   34/1081 GB

  GPU: none detected

  ────────────────────────────────────────────────────────
  🚨 ALERTS (1):
     • CPU CRIT: 98.1% (threshold: 90.0%)
────────────────────────────────────────────────────────────


GB
  /etc/resolv.conf ✅  [░░░░░░░░░░░░░░░░░░░░]   3.3%   34/1081 GB
  /etc/hostname    ✅  [░░░░░░░░░░░░░░░░░░░░]   3.3%   34/1081 GB
  /etc/hosts       ✅  [░░░░░░░░░░░░░░░░░░░░]   3.3%   34/1081 GB

  GPU: none detected

  ────────────────────────────────────────────────────────
  🚨 ALERTS (1):
     • CPU CRIT: 97.6% (threshold: 90.0%)
────────────────────────────────────────────────────────────


GB
  /etc/resolv.conf ✅  [░░░░░░░░░░░░░░░░░░░░]   3.3%   34/1081 GB
  /etc/hostname    ✅  [░░░░░░░░░░░░░░░░░░░░]   3.3%   34/1081 GB
  /etc/hosts       ✅  [░░░░░░░░░░░░░░░░░░░░]   3.3%   34/1081 GB

  GPU: none detected

  ────────────────────────────────────────────────────────
  🚨 ALERTS (1):
     • CPU CRIT: 99.6% (threshold: 90.0%)
────────────────────────────────────────────────────────────


GB
  /etc/resolv.conf ✅  [░░░░░░░░░░░░░░░░░░░░]   3.3%   34/1081 GB
  /etc/hostname    ✅  [░░░░░░░░░░░░░░░░░░░░]   3.3%   34/1081 GB
  /etc/hosts       ✅  [░░░░░░░░░░░░░░░░░░░░]   3.3%   34/1081 GB

  GPU: none detected

  ────────────────────────────────────────────────────────
  🚨 ALERTS (1):
     • CPU CRIT: 97.9% (threshold: 90.0%)
────────────────────────────────────────────────────────────


GB
  /etc/resolv.conf ✅  [░░░░░░░░░░░░░░░░░░░░]   3.3%   34/1081 GB
  /etc/hostname    ✅  [░░░░░░░░░░░░░░░░░░░░]   3.3%   34/1081 GB
  /etc/hosts       ✅  [░░░░░░░░░░░░░░░░░░░░]   3.3%   34/1081 GB

  GPU: none detected

  ────────────────────────────────────────────────────────
  🚨 ALERTS (1):
     • CPU CRIT: 99.1% (threshold: 90.0%)
────────────────────────────────────────────────────────────


GB
  /etc/resolv.conf ✅  [░░░░░░░░░░░░░░░░░░░░]   3.3%   34/1081 GB
  /etc/hostname    ✅  [░░░░░░░░░░░░░░░░░░░░]   3.3%   34/1081 GB
  /etc/hosts       ✅  [░░░░░░░░░░░░░░░░░░░░]   3.3%   34/1081 GB

  GPU: none detected

  ────────────────────────────────────────────────────────
  🚨 ALERTS (1):
     • CPU CRIT: 99.9% (threshold: 90.0%)
────────────────────────────────────────────────────────────


GB
  /etc/resolv.conf ✅  [░░░░░░░░░░░░░░░░░░░░]   3.3%   34/1081 GB
  /etc/hostname    ✅  [░░░░░░░░░░░░░░░░░░░░]   3.3%   34/1081 GB
  /etc/hosts       ✅  [░░░░░░░░░░░░░░░░░░░░]   3.3%   34/1081 GB

  GPU: none detected

  ────────────────────────────────────────────────────────
  🚨 ALERTS (1):
     • CPU CRIT: 99.5% (threshold: 90.0%)
────────────────────────────────────────────────────────────


GB
  /etc/resolv.conf ✅  [░░░░░░░░░░░░░░░░░░░░]   3.3%   34/1081 GB
  /etc/hostname    ✅  [░░░░░░░░░░░░░░░░░░░░]   3.3%   34/1081 GB
  /etc/hosts       ✅  [░░░░░░░░░░░░░░░░░░░░]   3.3%   34/1081 GB

  GPU: none detected

  ────────────────────────────────────────────────────────
  🚨 ALERTS (1):
     • CPU CRIT: 99.0% (threshold: 90.0%)
────────────────────────────────────────────────────────────


B
  /etc/resolv.conf ✅  [░░░░░░░░░░░░░░░░░░░░]   3.3%   34/1081 GB
  /etc/hostname    ✅  [░░░░░░░░░░░░░░░░░░░░]   3.3%   34/1081 GB
  /etc/hosts       ✅  [░░░░░░░░░░░░░░░░░░░░]   3.3%   34/1081 GB

  GPU: none detected

  ────────────────────────────────────────────────────────
  🚨 ALERTS (1):
     • CPU CRIT: 100.0% (threshold: 90.0%)
────────────────────────────────────────────────────────────


GB
  /etc/resolv.conf ✅  [░░░░░░░░░░░░░░░░░░░░]   3.3%   34/1081 GB
  /etc/hostname    ✅  [░░░░░░░░░░░░░░░░░░░░]   3.3%   34/1081 GB
  /etc/hosts       ✅  [░░░░░░░░░░░░░░░░░░░░]   3.3%   34/1081 GB

  GPU: none detected

  ────────────────────────────────────────────────────────
  🚨 ALERTS (1):
     • CPU CRIT: 98.9% (threshold: 90.0%)
────────────────────────────────────────────────────────────


GB
  /etc/resolv.conf ✅  [░░░░░░░░░░░░░░░░░░░░]   3.3%   34/1081 GB
  /etc/hostname    ✅  [░░░░░░░░░░░░░░░░░░░░]   3.3%   34/1081 GB
  /etc/hosts       ✅  [░░░░░░░░░░░░░░░░░░░░]   3.3%   34/1081 GB

  GPU: none detected

  ────────────────────────────────────────────────────────
  🚨 ALERTS (1):
     • CPU CRIT: 97.1% (threshold: 90.0%)
────────────────────────────────────────────────────────────


GB
  /etc/resolv.conf ✅  [░░░░░░░░░░░░░░░░░░░░]   3.3%   34/1081 GB
  /etc/hostname    ✅  [░░░░░░░░░░░░░░░░░░░░]   3.3%   34/1081 GB
  /etc/hosts       ✅  [░░░░░░░░░░░░░░░░░░░░]   3.3%   34/1081 GB

  GPU: none detected

  ────────────────────────────────────────────────────────
  🚨 ALERTS (1):
     • CPU CRIT: 99.4% (threshold: 90.0%)
────────────────────────────────────────────────────────────


GB
  /etc/resolv.conf ✅  [░░░░░░░░░░░░░░░░░░░░]   3.3%   34/1081 GB
  /etc/hostname    ✅  [░░░░░░░░░░░░░░░░░░░░]   3.3%   34/1081 GB
  /etc/hosts       ✅  [░░░░░░░░░░░░░░░░░░░░]   3.3%   34/1081 GB

  GPU: none detected

  ────────────────────────────────────────────────────────
  🚨 ALERTS (1):
     • CPU CRIT: 99.3% (threshold: 90.0%)
────────────────────────────────────────────────────────────


B
  /etc/resolv.conf ✅  [░░░░░░░░░░░░░░░░░░░░]   3.3%   34/1081 GB
  /etc/hostname    ✅  [░░░░░░░░░░░░░░░░░░░░]   3.3%   34/1081 GB
  /etc/hosts       ✅  [░░░░░░░░░░░░░░░░░░░░]   3.3%   34/1081 GB

  GPU: none detected

  ────────────────────────────────────────────────────────
  🚨 ALERTS (1):
     • CPU CRIT: 100.0% (threshold: 90.0%)
────────────────────────────────────────────────────────────


GB
  /etc/resolv.conf ✅  [░░░░░░░░░░░░░░░░░░░░]   3.3%   34/1081 GB
  /etc/hostname    ✅  [░░░░░░░░░░░░░░░░░░░░]   3.3%   34/1081 GB
  /etc/hosts       ✅  [░░░░░░░░░░░░░░░░░░░░]   3.3%   34/1081 GB

  GPU: none detected

  ────────────────────────────────────────────────────────
  🚨 ALERTS (1):
     • CPU CRIT: 99.9% (threshold: 90.0%)
────────────────────────────────────────────────────────────


GB
  /etc/resolv.conf ✅  [░░░░░░░░░░░░░░░░░░░░]   3.3%   34/1081 GB
  /etc/hostname    ✅  [░░░░░░░░░░░░░░░░░░░░]   3.3%   34/1081 GB
  /etc/hosts       ✅  [░░░░░░░░░░░░░░░░░░░░]   3.3%   34/1081 GB

  GPU: none detected

  ────────────────────────────────────────────────────────
  🚨 ALERTS (1):
     • CPU CRIT: 99.9% (threshold: 90.0%)
────────────────────────────────────────────────────────────


B
  /etc/resolv.conf ✅  [░░░░░░░░░░░░░░░░░░░░]   3.3%   34/1081 GB
  /etc/hostname    ✅  [░░░░░░░░░░░░░░░░░░░░]   3.3%   34/1081 GB
  /etc/hosts       ✅  [░░░░░░░░░░░░░░░░░░░░]   3.3%   34/1081 GB

  GPU: none detected

  ────────────────────────────────────────────────────────
  🚨 ALERTS (1):
     • CPU CRIT: 100.0% (threshold: 90.0%)
────────────────────────────────────────────────────────────


GB
  /etc/resolv.conf ✅  [░░░░░░░░░░░░░░░░░░░░]   3.3%   34/1081 GB
  /etc/hostname    ✅  [░░░░░░░░░░░░░░░░░░░░]   3.3%   34/1081 GB
  /etc/hosts       ✅  [░░░░░░░░░░░░░░░░░░░░]   3.3%   34/1081 GB

  GPU: none detected

  ────────────────────────────────────────────────────────
  🚨 ALERTS (1):
     • CPU CRIT: 99.6% (threshold: 90.0%)
────────────────────────────────────────────────────────────


GB
  /etc/resolv.conf ✅  [░░░░░░░░░░░░░░░░░░░░]   3.3%   34/1081 GB
  /etc/hostname    ✅  [░░░░░░░░░░░░░░░░░░░░]   3.3%   34/1081 GB
  /etc/hosts       ✅  [░░░░░░░░░░░░░░░░░░░░]   3.3%   34/1081 GB

  GPU: none detected

  ────────────────────────────────────────────────────────
  🚨 ALERTS (1):
     • CPU CRIT: 95.5% (threshold: 90.0%)
────────────────────────────────────────────────────────────


GB
  /etc/resolv.conf ✅  [░░░░░░░░░░░░░░░░░░░░]   3.3%   34/1081 GB
  /etc/hostname    ✅  [░░░░░░░░░░░░░░░░░░░░]   3.3%   34/1081 GB
  /etc/hosts       ✅  [░░░░░░░░░░░░░░░░░░░░]   3.3%   34/1081 GB

  GPU: none detected

  ────────────────────────────────────────────────────────
  🚨 ALERTS (1):
     • CPU CRIT: 99.6% (threshold: 90.0%)
────────────────────────────────────────────────────────────


GB
  /etc/resolv.conf ✅  [░░░░░░░░░░░░░░░░░░░░]   3.3%   34/1081 GB
  /etc/hostname    ✅  [░░░░░░░░░░░░░░░░░░░░]   3.3%   34/1081 GB
  /etc/hosts       ✅  [░░░░░░░░░░░░░░░░░░░░]   3.3%   34/1081 GB

  GPU: none detected

  ────────────────────────────────────────────────────────
  🚨 ALERTS (1):
     • CPU CRIT: 99.3% (threshold: 90.0%)
────────────────────────────────────────────────────────────


B
  /etc/resolv.conf ✅  [░░░░░░░░░░░░░░░░░░░░]   3.3%   34/1081 GB
  /etc/hostname    ✅  [░░░░░░░░░░░░░░░░░░░░]   3.3%   34/1081 GB
  /etc/hosts       ✅  [░░░░░░░░░░░░░░░░░░░░]   3.3%   34/1081 GB

  GPU: none detected

  ────────────────────────────────────────────────────────
  🚨 ALERTS (1):
     • CPU CRIT: 100.0% (threshold: 90.0%)
────────────────────────────────────────────────────────────


GB
  /etc/resolv.conf ✅  [░░░░░░░░░░░░░░░░░░░░]   3.3%   34/1081 GB
  /etc/hostname    ✅  [░░░░░░░░░░░░░░░░░░░░]   3.3%   34/1081 GB
  /etc/hosts       ✅  [░░░░░░░░░░░░░░░░░░░░]   3.3%   34/1081 GB

  GPU: none detected

  ────────────────────────────────────────────────────────
  🚨 ALERTS (1):
     • CPU CRIT: 99.9% (threshold: 90.0%)
────────────────────────────────────────────────────────────


GB
  /etc/resolv.conf ✅  [░░░░░░░░░░░░░░░░░░░░]   3.3%   34/1081 GB
  /etc/hostname    ✅  [░░░░░░░░░░░░░░░░░░░░]   3.3%   34/1081 GB
  /etc/hosts       ✅  [░░░░░░░░░░░░░░░░░░░░]   3.3%   34/1081 GB

  GPU: none detected

  ────────────────────────────────────────────────────────
  🚨 ALERTS (1):
     • CPU CRIT: 99.7% (threshold: 90.0%)
────────────────────────────────────────────────────────────


B
  /etc/resolv.conf ✅  [░░░░░░░░░░░░░░░░░░░░]   3.3%   34/1081 GB
  /etc/hostname    ✅  [░░░░░░░░░░░░░░░░░░░░]   3.3%   34/1081 GB
  /etc/hosts       ✅  [░░░░░░░░░░░░░░░░░░░░]   3.3%   34/1081 GB

  GPU: none detected

  ────────────────────────────────────────────────────────
  🚨 ALERTS (1):
     • CPU CRIT: 100.0% (threshold: 90.0%)
────────────────────────────────────────────────────────────


GB
  /etc/resolv.conf ✅  [░░░░░░░░░░░░░░░░░░░░]   3.3%   34/1081 GB
  /etc/hostname    ✅  [░░░░░░░░░░░░░░░░░░░░]   3.3%   34/1081 GB
  /etc/hosts       ✅  [░░░░░░░░░░░░░░░░░░░░]   3.3%   34/1081 GB

  GPU: none detected

  ────────────────────────────────────────────────────────
  🚨 ALERTS (1):
     • CPU CRIT: 98.8% (threshold: 90.0%)
────────────────────────────────────────────────────────────


GB
  /etc/resolv.conf ✅  [░░░░░░░░░░░░░░░░░░░░]   3.3%   34/1081 GB
  /etc/hostname    ✅  [░░░░░░░░░░░░░░░░░░░░]   3.3%   34/1081 GB
  /etc/hosts       ✅  [░░░░░░░░░░░░░░░░░░░░]   3.3%   34/1081 GB

  GPU: none detected

  ────────────────────────────────────────────────────────
  🚨 ALERTS (1):
     • CPU CRIT: 99.2% (threshold: 90.0%)
────────────────────────────────────────────────────────────


GB
  /etc/resolv.conf ✅  [░░░░░░░░░░░░░░░░░░░░]   3.3%   34/1081 GB
  /etc/hostname    ✅  [░░░░░░░░░░░░░░░░░░░░]   3.3%   34/1081 GB
  /etc/hosts       ✅  [░░░░░░░░░░░░░░░░░░░░]   3.3%   34/1081 GB

  GPU: none detected

  ────────────────────────────────────────────────────────
  🚨 ALERTS (1):
     • CPU CRIT: 98.5% (threshold: 90.0%)
────────────────────────────────────────────────────────────


B
  /etc/resolv.conf ✅  [░░░░░░░░░░░░░░░░░░░░]   3.3%   34/1081 GB
  /etc/hostname    ✅  [░░░░░░░░░░░░░░░░░░░░]   3.3%   34/1081 GB
  /etc/hosts       ✅  [░░░░░░░░░░░░░░░░░░░░]   3.3%   34/1081 GB

  GPU: none detected

  ────────────────────────────────────────────────────────
  🚨 ALERTS (1):
     • CPU CRIT: 100.0% (threshold: 90.0%)
────────────────────────────────────────────────────────────


GB
  /etc/resolv.conf ✅  [░░░░░░░░░░░░░░░░░░░░]   3.3%   34/1081 GB
  /etc/hostname    ✅  [░░░░░░░░░░░░░░░░░░░░]   3.3%   34/1081 GB
  /etc/hosts       ✅  [░░░░░░░░░░░░░░░░░░░░]   3.3%   34/1081 GB

  GPU: none detected

  ────────────────────────────────────────────────────────
  🚨 ALERTS (1):
     • CPU CRIT: 99.6% (threshold: 90.0%)
────────────────────────────────────────────────────────────


GB
  /etc/resolv.conf ✅  [░░░░░░░░░░░░░░░░░░░░]   3.3%   34/1081 GB
  /etc/hostname    ✅  [░░░░░░░░░░░░░░░░░░░░]   3.3%   34/1081 GB
  /etc/hosts       ✅  [░░░░░░░░░░░░░░░░░░░░]   3.3%   34/1081 GB

  GPU: none detected

  ────────────────────────────────────────────────────────
  🚨 ALERTS (1):
     • CPU CRIT: 99.9% (threshold: 90.0%)
────────────────────────────────────────────────────────────


GB
  /etc/resolv.conf ✅  [░░░░░░░░░░░░░░░░░░░░]   3.3%   34/1081 GB
  /etc/hostname    ✅  [░░░░░░░░░░░░░░░░░░░░]   3.3%   34/1081 GB
  /etc/hosts       ✅  [░░░░░░░░░░░░░░░░░░░░]   3.3%   34/1081 GB

  GPU: none detected

  ────────────────────────────────────────────────────────
  🚨 ALERTS (1):
     • CPU CRIT: 99.9% (threshold: 90.0%)
────────────────────────────────────────────────────────────


B
  /etc/resolv.conf ✅  [░░░░░░░░░░░░░░░░░░░░]   3.3%   34/1081 GB
  /etc/hostname    ✅  [░░░░░░░░░░░░░░░░░░░░]   3.3%   34/1081 GB
  /etc/hosts       ✅  [░░░░░░░░░░░░░░░░░░░░]   3.3%   34/1081 GB

  GPU: none detected

  ────────────────────────────────────────────────────────
  🚨 ALERTS (1):
     • CPU CRIT: 100.0% (threshold: 90.0%)
────────────────────────────────────────────────────────────


GB
  /etc/resolv.conf ✅  [░░░░░░░░░░░░░░░░░░░░]   3.3%   34/1081 GB
  /etc/hostname    ✅  [░░░░░░░░░░░░░░░░░░░░]   3.3%   34/1081 GB
  /etc/hosts       ✅  [░░░░░░░░░░░░░░░░░░░░]   3.3%   34/1081 GB

  GPU: none detected

  ────────────────────────────────────────────────────────
  🚨 ALERTS (1):
     • CPU CRIT: 99.7% (threshold: 90.0%)
────────────────────────────────────────────────────────────


GB
  /etc/resolv.conf ✅  [░░░░░░░░░░░░░░░░░░░░]   3.3%   34/1081 GB
  /etc/hostname    ✅  [░░░░░░░░░░░░░░░░░░░░]   3.3%   34/1081 GB
  /etc/hosts       ✅  [░░░░░░░░░░░░░░░░░░░░]   3.3%   34/1081 GB

  GPU: none detected

  ────────────────────────────────────────────────────────
  🚨 ALERTS (1):
     • CPU CRIT: 99.8% (threshold: 90.0%)
────────────────────────────────────────────────────────────


GB
  /etc/resolv.conf ✅  [░░░░░░░░░░░░░░░░░░░░]   3.3%   34/1081 GB
  /etc/hostname    ✅  [░░░░░░░░░░░░░░░░░░░░]   3.3%   34/1081 GB
  /etc/hosts       ✅  [░░░░░░░░░░░░░░░░░░░░]   3.3%   34/1081 GB

  GPU: none detected

  ────────────────────────────────────────────────────────
  🚨 ALERTS (1):
     • CPU CRIT: 98.7% (threshold: 90.0%)
────────────────────────────────────────────────────────────


GB
  /etc/resolv.conf ✅  [░░░░░░░░░░░░░░░░░░░░]   3.3%   34/1081 GB
  /etc/hostname    ✅  [░░░░░░░░░░░░░░░░░░░░]   3.3%   34/1081 GB
  /etc/hosts       ✅  [░░░░░░░░░░░░░░░░░░░░]   3.3%   34/1081 GB

  GPU: none detected

  ────────────────────────────────────────────────────────
  🚨 ALERTS (1):
     • CPU CRIT: 99.9% (threshold: 90.0%)
────────────────────────────────────────────────────────────


B
  /etc/resolv.conf ✅  [░░░░░░░░░░░░░░░░░░░░]   3.3%   34/1081 GB
  /etc/hostname    ✅  [░░░░░░░░░░░░░░░░░░░░]   3.3%   34/1081 GB
  /etc/hosts       ✅  [░░░░░░░░░░░░░░░░░░░░]   3.3%   34/1081 GB

  GPU: none detected

  ────────────────────────────────────────────────────────
  🚨 ALERTS (1):
     • CPU CRIT: 100.0% (threshold: 90.0%)
────────────────────────────────────────────────────────────


ed

  DISK:
  /vscode          ✅  [░░░░░░░░░░░░░░░░░░░░]   3.3%   34/1081 GB
  /etc/resolv.conf ✅  [░░░░░░░░░░░░░░░░░░░░]   3.3%   34/1081 GB
  /etc/hostname    ✅  [░░░░░░░░░░░░░░░░░░░░]   3.3%   34/1081 GB
  /etc/hosts       ✅  [░░░░░░░░░░░░░░░░░░░░]   3.3%   34/1081 GB

  GPU: none detected

  ✅ All resources within normal thresholds
────────────────────────────────────────────────────────────


ed

  DISK:
  /vscode          ✅  [░░░░░░░░░░░░░░░░░░░░]   3.3%   34/1081 GB
  /etc/resolv.conf ✅  [░░░░░░░░░░░░░░░░░░░░]   3.3%   34/1081 GB
  /etc/hostname    ✅  [░░░░░░░░░░░░░░░░░░░░]   3.3%   34/1081 GB
  /etc/hosts       ✅  [░░░░░░░░░░░░░░░░░░░░]   3.3%   34/1081 GB

  GPU: none detected

  ✅ All resources within normal thresholds
────────────────────────────────────────────────────────────


ed

  DISK:
  /vscode          ✅  [░░░░░░░░░░░░░░░░░░░░]   3.3%   34/1081 GB
  /etc/resolv.conf ✅  [░░░░░░░░░░░░░░░░░░░░]   3.3%   34/1081 GB
  /etc/hostname    ✅  [░░░░░░░░░░░░░░░░░░░░]   3.3%   34/1081 GB
  /etc/hosts       ✅  [░░░░░░░░░░░░░░░░░░░░]   3.3%   34/1081 GB

  GPU: none detected

  ✅ All resources within normal thresholds
────────────────────────────────────────────────────────────


ed

  DISK:
  /vscode          ✅  [░░░░░░░░░░░░░░░░░░░░]   3.3%   34/1081 GB
  /etc/resolv.conf ✅  [░░░░░░░░░░░░░░░░░░░░]   3.3%   34/1081 GB
  /etc/hostname    ✅  [░░░░░░░░░░░░░░░░░░░░]   3.3%   34/1081 GB
  /etc/hosts       ✅  [░░░░░░░░░░░░░░░░░░░░]   3.3%   34/1081 GB

  GPU: none detected

  ✅ All resources within normal thresholds
────────────────────────────────────────────────────────────
