nohup: ignoring input
[Cycle 1] Generating synthetic datasets...
✅ Synthetic autonomous datasets generated:
  - data_out/autonomous_datasets/quantum/train.jsonl
  - data_out/autonomous_datasets/aria_commands/train.jsonl
  - data_out/autonomous_datasets/python_help/train.jsonl

[Cycle 1] Done. Sleeping 3600s...
[Cycle 2] Generating synthetic datasets...
✅ Synthetic autonomous datasets generated:
  - data_out/autonomous_datasets/quantum/train.jsonl
  - data_out/autonomous_datasets/aria_commands/train.jsonl
  - data_out/autonomous_datasets/python_help/train.jsonl

[Cycle 2] Done. Sleeping 3600s...
[Cycle 3] Generating synthetic datasets...
✅ Synthetic autonomous datasets generated:
  - data_out/autonomous_datasets/quantum/train.jsonl
  - data_out/autonomous_datasets/aria_commands/train.jsonl
  - data_out/autonomous_datasets/python_help/train.jsonl

[Cycle 3] Done. Sleeping 3600s...
[Cycle 4] Generating synthetic datasets...
✅ Synthetic autonomous datasets generated:
  - data_out/autonomous_datasets/quantum/train.jsonl
  - data_out/autonomous_datasets/aria_commands/train.jsonl
  - data_out/autonomous_datasets/python_help/train.jsonl

[Cycle 4] Done. Sleeping 3600s...
[Cycle 5] Generating synthetic datasets...
✅ Synthetic autonomous datasets generated:
  - data_out/autonomous_datasets/quantum/train.jsonl
  - data_out/autonomous_datasets/aria_commands/train.jsonl
  - data_out/autonomous_datasets/python_help/train.jsonl

[Cycle 5] Done. Sleeping 3600s...
[Cycle 6] Generating synthetic datasets...
✅ Synthetic autonomous datasets generated:
  - data_out/autonomous_datasets/quantum/train.jsonl
  - data_out/autonomous_datasets/aria_commands/train.jsonl
  - data_out/autonomous_datasets/python_help/train.jsonl

[Cycle 6] Done. Sleeping 3600s...
[Cycle 7] Generating synthetic datasets...
✅ Synthetic autonomous datasets generated:
  - data_out/autonomous_datasets/quantum/train.jsonl
  - data_out/autonomous_datasets/aria_commands/train.jsonl
  - data_out/autonomous_datasets/python_help/train.jsonl

[Cycle 7] Done. Sleeping 3600s...
