nohup: ignoring input
───────────────────────────────────────────────────────────────────────────────────────────────────
             Cycle: 1                                                                                                                                                                                                                                                                                                                                                                                      379


──────────────────────────────────────────────────────────────────────────────────────────────────
             Cycle: 1                                                                                                                                                                                                                                                                                                                                                                                       380


──────────────────────────────────────────────────────────────────────────────────────────────────
             Cycle: 1                                                                                                                                                                                                                                                                                                                                                                                       380


─────────────────────────────────────────────────────────────────────────────────────────────────
             Cycle: 1                                                                                                                                                                                                                                                                                                                                                                                        381


─────────────────────────────────────────────────────────────────────────────────────────────────
             Cycle: 1                                                                                                                                                                                                                                                                                                                                                                                        381


────────────────────────────────────────────────────────────────────────────────────────────────
             Cycle: 1                                                                                                                                                                                                                                                                                                                                                                                         382


────────────────────────────────────────────────────────────────────────────────────────────────
             Cycle: 1                                                                                                                                                                                                                                                                                                                                                                                         382


───────────────────────────────────────────────────────────────────────────────────────────────
             Cycle: 1                                                                                                                                                                                                                                                                                                                                                                                          383


───────────────────────────────────────────────────────────────────────────────────────────────
             Cycle: 1                                                                                                                                                                                                                                                                                                                                                                                          383


──────────────────────────────────────────────────────────────────────────────────────────────
             Cycle: 1                                                                                                                                                                                                                                                                                                                                                                                           384


──────────────────────────────────────────────────────────────────────────────────────────────
             Cycle: 1                                                                                                                                                                                                                                                                                                                                                                                           384


─────────────────────────────────────────────────────────────────────────────────────────────
             Cycle: 1                                                                                                                                                                                                                                                                                                                                                                                            385


─────────────────────────────────────────────────────────────────────────────────────────────
             Cycle: 1                                                                                                                                                                                                                                                                                                                                                                                            385


────────────────────────────────────────────────────────────────────────────────────────────
             Cycle: 1                                                                                                                                                                                                                                                                                                                                                                                             386


────────────────────────────────────────────────────────────────────────────────────────────
             Cycle: 1                                                                                                                                                                                                                                                                                                                                                                                             386


───────────────────────────────────────────────────────────────────────────────────────────
             Cycle: 1                                                                                                                                                                                                                                                                                                                                                                                              387


───────────────────────────────────────────────────────────────────────────────────────────
             Cycle: 1                                                                                                                                                                                                                                                                                                                                                                                              387


──────────────────────────────────────────────────────────────────────────────────────────
             Cycle: 1                                                                                                                                                                                                                                                                                                                                                                                               388


──────────────────────────────────────────────────────────────────────────────────────────
             Cycle: 1                                                                                                                                                                                                                                                                                                                                                                                               388


─────────────────────────────────────────────────────────────────────────────────────────
             Cycle: 1                                                                                                                                                                                                                                                                                                                                                                                                389


─────────────────────────────────────────────────────────────────────────────────────────
             Cycle: 1                                                                                                                                                                                                                                                                                                                                                                                                389


────────────────────────────────────────────────────────────────────────────────────────
             Cycle: 1                                                                                                                                                                                                                                                                                                                                                                                                 390


────────────────────────────────────────────────────────────────────────────────────────
             Cycle: 1                                                                                                                                                                                                                                                                                                                                                                                                 390


───────────────────────────────────────────────────────────────────────────────────────
             Cycle: 1                                                                                                                                                                                                                                                                                                                                                                                                  391


───────────────────────────────────────────────────────────────────────────────────────
             Cycle: 1                                                                                                                                                                                                                                                                                                                                                                                                  391


──────────────────────────────────────────────────────────────────────────────────────
             Cycle: 1                                                                                                                                                                                                                                                                                                                                                                                                   392


